TN:
SF:src/gendiffFunc.js
FN:3,addPrefixToObjectKeys
FN:6,(anonymous_1)
FN:19,diffObject
FN:26,(anonymous_3)
FN:27,(anonymous_4)
FN:30,(anonymous_5)
FN:31,(anonymous_6)
FN:52,(anonymous_7)
FN:61,(anonymous_8)
FN:72,sortObject
FN:78,(anonymous_10)
FN:79,(anonymous_11)
FN:86,stylish
FN:93,(anonymous_13)
FN:98,(anonymous_14)
FNF:15
FNH:15
FNDA:14,addPrefixToObjectKeys
FNDA:18,(anonymous_1)
FNDA:16,diffObject
FNDA:45,(anonymous_3)
FNDA:50,(anonymous_4)
FNDA:50,(anonymous_5)
FNDA:32,(anonymous_6)
FNDA:13,(anonymous_7)
FNDA:18,(anonymous_8)
FNDA:100,sortObject
FNDA:110,(anonymous_10)
FNDA:92,(anonymous_11)
FNDA:100,stylish
FNDA:92,(anonymous_13)
FNDA:9,(anonymous_14)
DA:4,14
DA:6,14
DA:7,18
DA:9,18
DA:10,6
DA:12,12
DA:16,14
DA:20,16
DA:22,16
DA:23,16
DA:26,45
DA:27,50
DA:30,50
DA:31,16
DA:32,32
DA:33,32
DA:35,32
DA:36,13
DA:38,32
DA:40,8
DA:41,8
DA:42,8
DA:44,24
DA:46,11
DA:47,11
DA:52,16
DA:53,13
DA:54,4
DA:56,9
DA:61,16
DA:62,18
DA:63,2
DA:65,16
DA:69,16
DA:73,100
DA:74,70
DA:76,30
DA:77,30
DA:78,110
DA:80,92
DA:83,30
DA:87,100
DA:88,100
DA:89,100
DA:90,70
DA:92,30
DA:93,92
DA:95,30
DA:98,1
DA:99,9
DA:100,9
DA:101,8
DA:102,8
DA:103,8
LF:54
LH:54
BRDA:9,0,0,6
BRDA:9,0,1,12
BRDA:9,1,0,18
BRDA:9,1,1,6
BRDA:35,2,0,13
BRDA:35,2,1,19
BRDA:35,3,0,32
BRDA:35,3,1,22
BRDA:35,3,2,20
BRDA:38,4,0,8
BRDA:38,4,1,24
BRDA:38,5,0,32
BRDA:38,5,1,10
BRDA:41,6,0,8
BRDA:41,6,1,0
BRDA:44,7,0,11
BRDA:44,7,1,13
BRDA:46,8,0,2
BRDA:46,8,1,9
BRDA:46,9,0,11
BRDA:46,9,1,2
BRDA:47,10,0,0
BRDA:47,10,1,11
BRDA:47,11,0,11
BRDA:47,11,1,2
BRDA:53,12,0,4
BRDA:53,12,1,9
BRDA:62,13,0,2
BRDA:62,13,1,16
BRDA:73,14,0,70
BRDA:73,14,1,30
BRDA:73,15,0,100
BRDA:73,15,1,32
BRDA:86,16,0,8
BRDA:89,17,0,70
BRDA:89,17,1,30
BRDA:89,18,0,100
BRDA:89,18,1,32
BRDA:98,19,0,9
BRF:39
BRH:37
end_of_record
TN:
SF:src/parsers.js
FN:5,readJsonYmlFile
FNF:1
FNH:1
FNDA:18,readJsonYmlFile
DA:6,18
DA:7,18
DA:8,1
DA:11,17
DA:12,17
DA:14,17
DA:15,10
DA:17,17
DA:18,7
DA:21,0
DA:23,17
LF:11
LH:10
BRDA:7,0,0,1
BRDA:7,0,1,17
BRDA:14,1,0,10
BRDA:14,1,1,7
BRDA:17,2,0,7
BRDA:17,2,1,10
BRDA:17,3,0,17
BRDA:17,3,1,12
BRF:8
BRH:8
end_of_record
